Arguments: 
  C:\Program Files\nodejs\node.exe C:\Program Files (x86)\Yarn\bin\yarn.js install

PATH: 
  C:\Program Files\Common Files\Oracle\Java\javapath;C:\Windows\system32;C:\Windows;C:\Windows\System32\Wbem;C:\Windows\System32\WindowsPowerShell\v1.0\;C:\Windows\System32\OpenSSH\;C:\Program Files\Git\cmd;C:\Program Files\dotnet\;C:\Program Files (x86)\GtkSharp\2.12\bin;C:\ProgramData\chocolatey\bin;C:\Program Files (x86)\Yarn\bin\;C:\Users\Patrice\AppData\Roaming\nvm;C:\Program Files\nodejs;C:\Program Files\PuTTY\;C:\WINDOWS\system32;C:\WINDOWS;C:\WINDOWS\System32\Wbem;C:\WINDOWS\System32\WindowsPowerShell\v1.0\;C:\WINDOWS\System32\OpenSSH\;C:\Users\Patrice\AppData\Local\Programs\Python\Python310\Scripts\;C:\Users\Patrice\AppData\Local\Programs\Python\Python310\;C:\Users\Patrice\AppData\Local\Microsoft\WindowsApps;C:\Users\Patrice\AppData\Local\Programs\Microsoft VS Code\bin;C:\Users\Patrice\.dotnet\tools;C:\Users\Patrice\AppData\Local\Yarn\bin;C:\Users\Patrice\AppData\Roaming\npm;;

Yarn version: 
  1.22.15

Node version: 
  16.15.0

Platform: 
  win32 x64

Trace: 
  Error: https://registry.yarnpkg.com/rxjs/-/rxjs-6.6.7.tgz: ESOCKETTIMEDOUT
      at ClientRequest.<anonymous> (C:\Program Files (x86)\Yarn\lib\cli.js:141512:19)
      at Object.onceWrapper (node:events:641:28)
      at ClientRequest.emit (node:events:527:28)
      at TLSSocket.emitRequestTimeout (node:_http_client:771:9)
      at Object.onceWrapper (node:events:641:28)
      at TLSSocket.emit (node:events:539:35)
      at TLSSocket.Socket._onTimeout (node:net:516:8)
      at listOnTimeout (node:internal/timers:559:17)
      at processTimers (node:internal/timers:502:7)

npm manifest: 
  {
    "name": "kairos_book",
    "version": "1.0.0",
    "main": "node_modules/expo/AppEntry.js",
    "scripts": {
      "start": "expo start",
      "android": "expo start --android",
      "ios": "expo start --ios",
      "web": "expo start --web",
      "eject": "expo eject"
    },
    "dependencies": {
      "@react-native-async-storage/async-storage": "~1.15.0",
      "@react-navigation/bottom-tabs": "^6.2.0",
      "@react-navigation/native": "^6.0.8",
      "@react-navigation/stack": "^6.1.1",
      "@reduxjs/toolkit": "^1.8.1",
      "eslint-config-react-native": "^4.1.0",
      "expo": "~44.0.0",
      "expo-blur": "~11.0.0",
      "expo-linear-gradient": "~11.0.3",
      "expo-status-bar": "~1.2.0",
      "react": "17.0.1",
      "react-dom": "17.0.1",
      "react-native": "0.64.3",
      "react-native-elements": "^3.4.2",
      "react-native-gesture-handler": "~2.1.0",
      "react-native-onboarding-swiper": "^1.2.0",
      "react-native-safe-area-context": "3.3.2",
      "react-native-screens": "~3.10.1",
      "react-native-vector-icons": "^9.1.0",
      "react-native-web": "0.17.1",
      "redux": "^4.1.2",
      "redux-persist": "^6.0.0",
      "redux-persist-expo-filesystem": "^2.0.0",
      "redux-saga": "^1.1.3"
    },
    "devDependencies": {
      "@babel/core": "^7.12.9",
      "@types/react": "~17.0.21",
      "@types/react-native": "~0.64.12",
      "@typescript-eslint/eslint-plugin": "^5.16.0",
      "@typescript-eslint/parser": "^5.16.0",
      "babel-plugin-module-resolver": "^4.1.0",
      "eslint": "^8.11.0",
      "eslint-config-prettier": "^8.5.0",
      "eslint-plugin-module-resolver": "^1.4.0",
      "eslint-plugin-prettier": "^4.0.0",
      "eslint-plugin-react": "^7.29.4",
      "eslint-plugin-react-hooks": "^4.3.0",
      "eslint-plugin-react-native": "^4.0.0",
      "prettier": "^2.6.0",
      "typescript": "~4.3.5"
    },
    "private": true,
    "repository": "git@github.com:PatFantasia/kairos_book.git",
    "author": "PatFantasia <desouza.paatrice@gmail.com>",
    "license": "MIT"
  }

yarn manifest: 
  No manifest

Lockfile: 
  No lockfile
